#-----------------------------------------------------------
# PlanAhead v14.7 (64-bit)
# Build 321239 by xbuild on Fri Sep 27 19:29:51 MDT 2013
# Start of session at: Wed Nov 04 20:12:30 2020
# Process ID: 13048
# Log file: C:/.Xilinx/Lab9/planAhead_run_4/planAhead.log
# Journal file: C:/.Xilinx/Lab9/planAhead_run_4/planAhead.jou
#-----------------------------------------------------------
INFO: [Common 17-78] Attempting to get a license: PlanAhead
INFO: [Common 17-290] Got license for PlanAhead
INFO: [Device 21-36] Loading parts and site information from C:/Xilinx/14.7/ISE_DS/PlanAhead/data/parts/arch.xml
Parsing RTL primitives file [C:/Xilinx/14.7/ISE_DS/PlanAhead/data/parts/xilinx/rtl/prims/rtl_prims.xml]
Finished parsing RTL primitives file [C:/Xilinx/14.7/ISE_DS/PlanAhead/data/parts/xilinx/rtl/prims/rtl_prims.xml]
start_gui
source C:/.Xilinx/Lab9/pa.fromHdl.tcl
# create_project -name lab8 -dir "C:/.Xilinx/Lab9/planAhead_run_4" -part xc6slx9tqg144-3
# set_param project.pinAheadLayout yes
# set srcset [get_property srcset [current_run -impl]]
# set_property target_constrs_file "lab9t.ucf" [current_fileset -constrset]
Adding file 'C:/.Xilinx/Lab9/lab9t.ucf' to fileset 'constrs_1'
# set hdlfile [add_files [list {input1.vf}]]
# set_property file_type Verilog $hdlfile
# set_property library work $hdlfile
# set hdlfile [add_files [list {lab9t.vf}]]
# set_property file_type Verilog $hdlfile
# set_property library work $hdlfile
# set_property top lab9t $srcset
# add_files [list {lab9t.ucf}] -fileset [get_property constrset [current_run]]
# open_rtl_design -part xc6slx9tqg144-3
Using Verific elaboration
Parsing VHDL file "C:/Xilinx/14.7/ISE_DS/PlanAhead/data/parts/xilinx/rtl/lib/synplify/synattr.vhd" into library synplify
Analyzing Verilog file "C:/.Xilinx/Lab9/lab9t.vf" into library work
Loading clock regions from C:/Xilinx/14.7/ISE_DS/PlanAhead/data\parts/xilinx/spartan6/spartan6lx/xc6slx9/ClockRegion.xml
Loading clock buffers from C:/Xilinx/14.7/ISE_DS/PlanAhead/data\parts/xilinx/spartan6/spartan6lx/xc6slx9/ClockBuffers.xml
Loading package pin functions from C:/Xilinx/14.7/ISE_DS/PlanAhead/data\parts/xilinx/spartan6/PinFunctions.xml...
Loading package from C:/Xilinx/14.7/ISE_DS/PlanAhead/data\parts/xilinx/spartan6/spartan6lx/xc6slx9/tqg144/Package.xml
Loading io standards from C:/Xilinx/14.7/ISE_DS/PlanAhead/data\./parts/xilinx/spartan6/IOStandards.xml
Loading device configuration modes from C:/Xilinx/14.7/ISE_DS/PlanAhead/data\parts/xilinx/spartan6/ConfigModes.xml
Loading list of drcs for the architecture : C:/Xilinx/14.7/ISE_DS/PlanAhead/data\./parts/xilinx/spartan6/drc.xml
Parsing UCF File [C:/.Xilinx/Lab9/lab9t.ucf]
Finished Parsing UCF File [C:/.Xilinx/Lab9/lab9t.ucf]
INFO: [Project 1-111] Unisim Transformation Summary:
No Unisim elements were transformed.

Phase 0 | Netlist Checksum: 25863ffd
open_rtl_design: Time (s): elapsed = 00:00:07 . Memory (MB): peak = 657.805 ; gain = 166.246
update_compile_order -fileset sim_1
startgroup
set_property package_pin P95 [get_ports {XLXN_33[0]}]
endgroup
startgroup
set_property package_pin P94 [get_ports {XLXN_33[1]}]
endgroup
startgroup
set_property package_pin P93 [get_ports {XLXN_33[2]}]
endgroup
startgroup
set_property package_pin P92 [get_ports {XLXN_33[3]}]
endgroup
startgroup
set_property package_pin P88 [get_ports {XLXN_33[4]}]
endgroup
startgroup
set_property package_pin P87 [get_ports {XLXN_33[5]}]
endgroup
startgroup
set_property package_pin P85 [get_ports {XLXN_33[6]}]
endgroup
startgroup
set_property package_pin P84 [get_ports {XLXN_33[7]}]
endgroup
save_constraints
exit
ERROR: [PlanAhead 12-106] *** Exception: ui.h.b: Found deleted key in HTclEventBroker. Verify if the classes listed here call cleanup()
HTclEvent: DEBUG_CORE_CONFIG_CHANGE   Classes: ui.views.aR 
HTclEvent: SIGNAL_BUS_MODIFY   Classes: ui.views.aR 
HTclEvent: DEBUG_PORT_CONFIG_CHANGE   Classes: ui.views.aR 
HTclEvent: SIGNAL_MODIFY   Classes: ui.views.aR 
 (See C:/.Xilinx/Lab9\planAhead_pid13048.debug)
ERROR: [Common 17-39] 'stop_gui' failed due to earlier errors.
INFO: [Common 17-206] Exiting PlanAhead at Wed Nov 04 20:13:39 2020...
INFO: [Common 17-83] Releasing license: PlanAhead
