#-----------------------------------------------------------
# PlanAhead v14.7 (64-bit)
# Build 321239 by xbuild on Fri Sep 27 19:29:51 MDT 2013
# Start of session at: Thu Sep 17 15:02:20 2020
# Process ID: 2868
# Log file: C:/.Xilinx/Lab4/planAhead_run_1/planAhead.log
# Journal file: C:/.Xilinx/Lab4/planAhead_run_1/planAhead.jou
#-----------------------------------------------------------
INFO: [Common 17-78] Attempting to get a license: PlanAhead
INFO: [Common 17-290] Got license for PlanAhead
INFO: [Device 21-36] Loading parts and site information from C:/Xilinx/14.7/ISE_DS/PlanAhead/data/parts/arch.xml
Parsing RTL primitives file [C:/Xilinx/14.7/ISE_DS/PlanAhead/data/parts/xilinx/rtl/prims/rtl_prims.xml]
Finished parsing RTL primitives file [C:/Xilinx/14.7/ISE_DS/PlanAhead/data/parts/xilinx/rtl/prims/rtl_prims.xml]
start_gui
source C:/.Xilinx/Lab4/pa.fromHdl.tcl
# create_project -name Lab4 -dir "C:/.Xilinx/Lab4/planAhead_run_1" -part xc6slx9tqg144-3
# set_param project.pinAheadLayout yes
# set srcset [get_property srcset [current_run -impl]]
# set_property target_constrs_file "C:/.Xilinx/Lab4/CarAlarm.ucf" [current_fileset -constrset]
Adding file 'C:/.Xilinx/Lab4/CarAlarm.ucf' to fileset 'constrs_1'
# set hdlfile [add_files [list {CarAlarm.vf}]]
# set_property file_type Verilog $hdlfile
# set_property library work $hdlfile
# set_property top CarAlarm $srcset
# add_files [list {test.ucf}] -fileset [get_property constrset [current_run]]
# add_files [list {CarAlarm.ucf}] -fileset [get_property constrset [current_run]]
# open_rtl_design -part xc6slx9tqg144-3
Using Verific elaboration
Parsing VHDL file "C:/Xilinx/14.7/ISE_DS/PlanAhead/data/parts/xilinx/rtl/lib/synplify/synattr.vhd" into library synplify
Analyzing Verilog file "C:/.Xilinx/Lab4/CarAlarm.vf" into library work
Loading clock regions from C:/Xilinx/14.7/ISE_DS/PlanAhead/data\parts/xilinx/spartan6/spartan6lx/xc6slx9/ClockRegion.xml
Loading clock buffers from C:/Xilinx/14.7/ISE_DS/PlanAhead/data\parts/xilinx/spartan6/spartan6lx/xc6slx9/ClockBuffers.xml
Loading package pin functions from C:/Xilinx/14.7/ISE_DS/PlanAhead/data\parts/xilinx/spartan6/PinFunctions.xml...
Loading package from C:/Xilinx/14.7/ISE_DS/PlanAhead/data\parts/xilinx/spartan6/spartan6lx/xc6slx9/tqg144/Package.xml
Loading io standards from C:/Xilinx/14.7/ISE_DS/PlanAhead/data\./parts/xilinx/spartan6/IOStandards.xml
Loading device configuration modes from C:/Xilinx/14.7/ISE_DS/PlanAhead/data\parts/xilinx/spartan6/ConfigModes.xml
Loading list of drcs for the architecture : C:/Xilinx/14.7/ISE_DS/PlanAhead/data\./parts/xilinx/spartan6/drc.xml
Parsing UCF File [C:/.Xilinx/Lab4/CarAlarm.ucf]
Finished Parsing UCF File [C:/.Xilinx/Lab4/CarAlarm.ucf]
Parsing UCF File [C:/.Xilinx/Lab4/test.ucf]
Finished Parsing UCF File [C:/.Xilinx/Lab4/test.ucf]
INFO: [Project 1-111] Unisim Transformation Summary:
No Unisim elements were transformed.

Phase 0 | Netlist Checksum: 0d5280dc
open_rtl_design: Time (s): elapsed = 00:00:09 . Memory (MB): peak = 663.500 ; gain = 173.738
update_compile_order -fileset sim_1
startgroup
set_property package_pin P48 [get_ports LED0_P48]
endgroup
startgroup
set_property package_pin P33 [get_ports SW0_P33]
endgroup
startgroup
set_property package_pin P34 [get_ports SW1_P34]
endgroup
set_property package_pin "" [get_ports [list  SW2_P36]]
set_property package_pin "" [get_ports [list  SW2_P36]]
startgroup
set_property package_pin P33 [get_ports SW0_P33]
endgroup
startgroup
set_property package_pin P83 [get_ports LED0_P48]
endgroup
startgroup
set_property package_pin P66 [get_ports SW0_P33]
endgroup
startgroup
set_property package_pin P62 [get_ports SW1_P34]
endgroup
startgroup
set_property package_pin P61 [get_ports SW2_P36]
endgroup
startgroup
set_property package_pin P59 [get_ports SW3_P37]
endgroup
startgroup
set_property package_pin P58 [get_ports SW4_P38]
endgroup
save_constraints
exit
ERROR: [PlanAhead 12-106] *** Exception: ui.h.b: Found deleted key in HTclEventBroker. Verify if the classes listed here call cleanup()
HTclEvent: SIGNAL_MODIFY   Classes: ui.views.aR 
HTclEvent: DEBUG_PORT_CONFIG_CHANGE   Classes: ui.views.aR 
HTclEvent: SIGNAL_BUS_MODIFY   Classes: ui.views.aR 
HTclEvent: DEBUG_CORE_CONFIG_CHANGE   Classes: ui.views.aR 
 (See C:/.Xilinx/Lab4\planAhead_pid2868.debug)
ERROR: [Common 17-39] 'stop_gui' failed due to earlier errors.
INFO: [Common 17-206] Exiting PlanAhead at Thu Sep 17 15:16:49 2020...
INFO: [Common 17-83] Releasing license: PlanAhead
