Release 14.7 - xst P.20131013 (nt64)
Copyright (c) 1995-2013 Xilinx, Inc.  All rights reserved.
--> Parameter TMPDIR set to xst/projnav.tmp


Total REAL time to Xst completion: 0.00 secs
Total CPU time to Xst completion: 0.11 secs
 
--> Parameter xsthdpdir set to xst


Total REAL time to Xst completion: 0.00 secs
Total CPU time to Xst completion: 0.11 secs
 
--> Reading design: clock.prj

TABLE OF CONTENTS
  1) Synthesis Options Summary
  2) HDL Parsing
  3) HDL Elaboration
  4) HDL Synthesis
       4.1) HDL Synthesis Report
  5) Advanced HDL Synthesis
       5.1) Advanced HDL Synthesis Report
  6) Low Level Synthesis
  7) Partition Report
  8) Design Summary
       8.1) Primitive and Black Box Usage
       8.2) Device utilization summary
       8.3) Partition Resource Summary
       8.4) Timing Report
            8.4.1) Clock Information
            8.4.2) Asynchronous Control Signals Information
            8.4.3) Timing Summary
            8.4.4) Timing Details
            8.4.5) Cross Clock Domains Report


=========================================================================
*                      Synthesis Options Summary                        *
=========================================================================
---- Source Parameters
Input File Name                    : "clock.prj"
Ignore Synthesis Constraint File   : NO

---- Target Parameters
Output File Name                   : "clock"
Output Format                      : NGC
Target Device                      : xc6slx9-3-tqg144

---- Source Options
Top Module Name                    : clock
Automatic FSM Extraction           : YES
FSM Encoding Algorithm             : Auto
Safe Implementation                : No
FSM Style                          : LUT
RAM Extraction                     : Yes
RAM Style                          : Auto
ROM Extraction                     : Yes
Shift Register Extraction          : YES
ROM Style                          : Auto
Resource Sharing                   : YES
Asynchronous To Synchronous        : NO
Shift Register Minimum Size        : 2
Use DSP Block                      : Auto
Automatic Register Balancing       : No

---- Target Options
LUT Combining                      : Auto
Reduce Control Sets                : Auto
Add IO Buffers                     : YES
Global Maximum Fanout              : 100000
Add Generic Clock Buffer(BUFG)     : 16
Register Duplication               : YES
Optimize Instantiated Primitives   : NO
Use Clock Enable                   : Auto
Use Synchronous Set                : Auto
Use Synchronous Reset              : Auto
Pack IO Registers into IOBs        : Auto
Equivalent register Removal        : YES

---- General Options
Optimization Goal                  : Speed
Optimization Effort                : 1
Power Reduction                    : NO
Keep Hierarchy                     : No
Netlist Hierarchy                  : As_Optimized
RTL Output                         : Yes
Global Optimization                : AllClockNets
Read Cores                         : YES
Write Timing Constraints           : NO
Cross Clock Analysis               : NO
Hierarchy Separator                : /
Bus Delimiter                      : <>
Case Specifier                     : Maintain
Slice Utilization Ratio            : 100
BRAM Utilization Ratio             : 100
DSP48 Utilization Ratio            : 100
Auto BRAM Packing                  : NO
Slice Utilization Ratio Delta      : 5

=========================================================================


=========================================================================
*                          HDL Parsing                                  *
=========================================================================
Analyzing Verilog file "C:\.Xilinx\Lab9_1\div2.vf" into library work
Parsing module <FJKC_HXILINX_div2>.
Parsing module <div2>.
Analyzing Verilog file "C:\.Xilinx\Lab9_1\DIV.vf" into library work
Parsing module <FJKC_HXILINX_DIV>.
Parsing module <div2_MUSER_DIV>.
Parsing module <DIV>.
Analyzing Verilog file "C:\.Xilinx\Lab9_1\counter05.vf" into library work
Parsing module <FJKC_HXILINX_counter05>.
Parsing module <counter05>.
Analyzing Verilog file "C:\.Xilinx\Lab9_1\CLK1Hz.vf" into library work
Parsing module <FJKC_HXILINX_CLK1Hz>.
Parsing module <div2_MUSER_CLK1Hz>.
Parsing module <DIV_MUSER_CLK1Hz>.
Parsing module <CLK1Hz>.
Analyzing Verilog file "C:\.Xilinx\Lab9_1\BCD27.vf" into library work
Parsing module <D4_16E_HXILINX_BCD27>.
Parsing module <OR6_HXILINX_BCD27>.
Parsing module <BCD27>.
Analyzing Verilog file "C:\.Xilinx\Lab9_1\clock.vf" into library work
Parsing module <D4_16E_HXILINX_clock>.
Parsing module <OR6_HXILINX_clock>.
Parsing module <FJKC_HXILINX_clock>.
Parsing module <BCD27_MUSER_clock>.
Parsing module <counter05_MUSER_clock>.
Parsing module <div2_MUSER_clock>.
Parsing module <DIV_MUSER_clock>.
Parsing module <CLK1Hz_MUSER_clock>.
Parsing module <clock>.

=========================================================================
*                            HDL Elaboration                            *
=========================================================================

Elaborating module <clock>.

Elaborating module <CLK1Hz_MUSER_clock>.

Elaborating module <DIV_MUSER_clock>.

Elaborating module <div2_MUSER_clock>.

Elaborating module <FJKC_HXILINX_clock>.

Elaborating module <VCC>.

Elaborating module <INV>.

Elaborating module <counter05_MUSER_clock>.

Elaborating module <AND2>.

Elaborating module <OR2>.

Elaborating module <BCD27_MUSER_clock>.

Elaborating module <D4_16E_HXILINX_clock>.
WARNING:HDLCompiler:1127 - "C:\.Xilinx\Lab9_1\clock.vf" Line 213: Assignment to D8 ignored, since the identifier is never used

Elaborating module <OR4>.

Elaborating module <OR5>.

Elaborating module <OR6_HXILINX_clock>.

Elaborating module <GND>.

=========================================================================
*                           HDL Synthesis                               *
=========================================================================

Synthesizing Unit <clock>.
    Related source file is "C:\.Xilinx\Lab9_1\clock.vf".
    Summary:
	no macro.
Unit <clock> synthesized.

Synthesizing Unit <CLK1Hz_MUSER_clock>.
    Related source file is "C:\.Xilinx\Lab9_1\clock.vf".
    Summary:
	no macro.
Unit <CLK1Hz_MUSER_clock> synthesized.

Synthesizing Unit <DIV_MUSER_clock>.
    Related source file is "C:\.Xilinx\Lab9_1\clock.vf".
    Summary:
	no macro.
Unit <DIV_MUSER_clock> synthesized.

Synthesizing Unit <div2_MUSER_clock>.
    Related source file is "C:\.Xilinx\Lab9_1\clock.vf".
    Set property "HU_SET = XLXI_8_6" for instance <XLXI_8>.
    Summary:
	no macro.
Unit <div2_MUSER_clock> synthesized.

Synthesizing Unit <FJKC_HXILINX_clock>.
    Related source file is "C:\.Xilinx\Lab9_1\clock.vf".
        INIT = 1'b0
    Found 1-bit register for signal <Q>.
    Summary:
	inferred   1 D-type flip-flop(s).
	inferred   2 Multiplexer(s).
Unit <FJKC_HXILINX_clock> synthesized.

Synthesizing Unit <counter05_MUSER_clock>.
    Related source file is "C:\.Xilinx\Lab9_1\clock.vf".
    Set property "HU_SET = XLXI_1_5" for instance <XLXI_1>.
    Set property "HU_SET = XLXI_2_3" for instance <XLXI_2>.
    Set property "HU_SET = XLXI_3_4" for instance <XLXI_3>.
    Summary:
	no macro.
Unit <counter05_MUSER_clock> synthesized.

Synthesizing Unit <BCD27_MUSER_clock>.
    Related source file is "C:\.Xilinx\Lab9_1\clock.vf".
    Set property "HU_SET = XLXI_1_0" for instance <XLXI_1>.
    Set property "HU_SET = XLXI_27_1" for instance <XLXI_27>.
    Set property "HU_SET = XLXI_43_2" for instance <XLXI_43>.
INFO:Xst:3210 - "C:\.Xilinx\Lab9_1\clock.vf" line 200: Output port <D8> of the instance <XLXI_1> is unconnected or connected to loadless signal.
    Summary:
	no macro.
Unit <BCD27_MUSER_clock> synthesized.

Synthesizing Unit <D4_16E_HXILINX_clock>.
    Related source file is "C:\.Xilinx\Lab9_1\clock.vf".
    Summary:
	inferred  16 Multiplexer(s).
Unit <D4_16E_HXILINX_clock> synthesized.

Synthesizing Unit <OR6_HXILINX_clock>.
    Related source file is "C:\.Xilinx\Lab9_1\clock.vf".
    Summary:
	no macro.
Unit <OR6_HXILINX_clock> synthesized.

=========================================================================
HDL Synthesis Report

Macro Statistics
# Registers                                            : 35
 1-bit register                                        : 35
# Multiplexers                                         : 86
 1-bit 2-to-1 multiplexer                              : 86

=========================================================================

=========================================================================
*                       Advanced HDL Synthesis                          *
=========================================================================


=========================================================================
Advanced HDL Synthesis Report

Macro Statistics
# Registers                                            : 35
 Flip-Flops                                            : 35
# Multiplexers                                         : 86
 1-bit 2-to-1 multiplexer                              : 86

=========================================================================

=========================================================================
*                         Low Level Synthesis                           *
=========================================================================

Optimizing unit <clock> ...

Optimizing unit <DIV_MUSER_clock> ...

Optimizing unit <BCD27_MUSER_clock> ...

Optimizing unit <FJKC_HXILINX_clock> ...

Optimizing unit <D4_16E_HXILINX_clock> ...

Optimizing unit <OR6_HXILINX_clock> ...

Mapping all equations...
Building and optimizing final netlist ...
Found area constraint ratio of 100 (+ 5) on block clock, actual ratio is 0.

Final Macro Processing ...

=========================================================================
Final Register Report

Macro Statistics
# Registers                                            : 35
 Flip-Flops                                            : 35

=========================================================================

=========================================================================
*                           Partition Report                            *
=========================================================================

Partition Implementation Status
-------------------------------

  No Partitions were found in this design.

-------------------------------

=========================================================================
*                            Design Summary                             *
=========================================================================

Top Level Output File Name         : clock.ngc

Primitive and Black Box Usage:
------------------------------
# BELS                             : 94
#      AND2                        : 2
#      GND                         : 2
#      INV                         : 73
#      LUT3                        : 10
#      OR2                         : 1
#      OR4                         : 3
#      OR5                         : 2
#      VCC                         : 1
# FlipFlops/Latches                : 35
#      FDC                         : 35
# Clock Buffers                    : 1
#      BUFGP                       : 1
# IO Buffers                       : 11
#      OBUF                        : 11

Device utilization summary:
---------------------------

Selected Device : 6slx9tqg144-3 


Slice Logic Utilization: 
 Number of Slice Registers:              35  out of  11440     0%  
 Number of Slice LUTs:                   83  out of   5720     1%  
    Number used as Logic:                83  out of   5720     1%  

Slice Logic Distribution: 
 Number of LUT Flip Flop pairs used:    118
   Number with an unused Flip Flop:      83  out of    118    70%  
   Number with an unused LUT:            35  out of    118    29%  
   Number of fully used LUT-FF pairs:     0  out of    118     0%  
   Number of unique control sets:        35

IO Utilization: 
 Number of IOs:                          12
 Number of bonded IOBs:                  12  out of    102    11%  

Specific Feature Utilization:
 Number of BUFG/BUFGCTRLs:                1  out of     16     6%  

---------------------------
Partition Resource Summary:
---------------------------

  No Partitions were found in this design.

---------------------------


=========================================================================
Timing Report

NOTE: THESE TIMING NUMBERS ARE ONLY A SYNTHESIS ESTIMATE.
      FOR ACCURATE TIMING INFORMATION PLEASE REFER TO THE TRACE REPORT
      GENERATED AFTER PLACE-and-ROUTE.

Clock Information:
------------------
-----------------------------------+------------------------------------+-------+
Clock Signal                       | Clock buffer(FF name)              | Load  |
-----------------------------------+------------------------------------+-------+
clk                                | BUFGP                              | 1     |
XLXI_2/XLXI_1/XLXI_1/XLXI_8/Q      | NONE(XLXI_2/XLXI_1/XLXI_2/XLXI_8/Q)| 1     |
XLXI_2/XLXI_1/XLXI_2/XLXI_8/Q      | NONE(XLXI_2/XLXI_1/XLXI_3/XLXI_8/Q)| 1     |
XLXI_2/XLXI_1/XLXI_3/XLXI_8/Q      | NONE(XLXI_2/XLXI_1/XLXI_4/XLXI_8/Q)| 1     |
XLXI_2/XLXI_1/XLXI_4/XLXI_8/Q      | NONE(XLXI_2/XLXI_1/XLXI_5/XLXI_8/Q)| 1     |
XLXI_2/XLXI_1/XLXI_5/XLXI_8/Q      | NONE(XLXI_2/XLXI_1/XLXI_6/XLXI_8/Q)| 1     |
XLXI_2/XLXI_1/XLXI_6/XLXI_8/Q      | NONE(XLXI_2/XLXI_1/XLXI_7/XLXI_8/Q)| 1     |
XLXI_2/XLXI_1/XLXI_7/XLXI_8/Q      | NONE(XLXI_2/XLXI_1/XLXI_8/XLXI_8/Q)| 1     |
XLXI_2/XLXI_1/XLXI_8/XLXI_8/Q      | NONE(XLXI_2/XLXI_2/XLXI_1/XLXI_8/Q)| 1     |
XLXI_2/XLXI_2/XLXI_1/XLXI_8/Q      | NONE(XLXI_2/XLXI_2/XLXI_2/XLXI_8/Q)| 1     |
XLXI_2/XLXI_2/XLXI_2/XLXI_8/Q      | NONE(XLXI_2/XLXI_2/XLXI_3/XLXI_8/Q)| 1     |
XLXI_2/XLXI_2/XLXI_3/XLXI_8/Q      | NONE(XLXI_2/XLXI_2/XLXI_4/XLXI_8/Q)| 1     |
XLXI_2/XLXI_2/XLXI_4/XLXI_8/Q      | NONE(XLXI_2/XLXI_2/XLXI_5/XLXI_8/Q)| 1     |
XLXI_2/XLXI_2/XLXI_5/XLXI_8/Q      | NONE(XLXI_2/XLXI_2/XLXI_6/XLXI_8/Q)| 1     |
XLXI_2/XLXI_2/XLXI_6/XLXI_8/Q      | NONE(XLXI_2/XLXI_2/XLXI_7/XLXI_8/Q)| 1     |
XLXI_2/XLXI_2/XLXI_7/XLXI_8/Q      | NONE(XLXI_2/XLXI_2/XLXI_8/XLXI_8/Q)| 1     |
XLXI_2/XLXI_2/XLXI_8/XLXI_8/Q      | NONE(XLXI_2/XLXI_3/XLXI_1/XLXI_8/Q)| 1     |
XLXI_2/XLXI_3/XLXI_1/XLXI_8/Q      | NONE(XLXI_2/XLXI_3/XLXI_2/XLXI_8/Q)| 1     |
XLXI_2/XLXI_3/XLXI_2/XLXI_8/Q      | NONE(XLXI_2/XLXI_3/XLXI_3/XLXI_8/Q)| 1     |
XLXI_2/XLXI_3/XLXI_3/XLXI_8/Q      | NONE(XLXI_2/XLXI_3/XLXI_4/XLXI_8/Q)| 1     |
XLXI_2/XLXI_3/XLXI_4/XLXI_8/Q      | NONE(XLXI_2/XLXI_3/XLXI_5/XLXI_8/Q)| 1     |
XLXI_2/XLXI_3/XLXI_5/XLXI_8/Q      | NONE(XLXI_2/XLXI_3/XLXI_6/XLXI_8/Q)| 1     |
XLXI_2/XLXI_3/XLXI_6/XLXI_8/Q      | NONE(XLXI_2/XLXI_3/XLXI_7/XLXI_8/Q)| 1     |
XLXI_2/XLXI_3/XLXI_7/XLXI_8/Q      | NONE(XLXI_2/XLXI_3/XLXI_8/XLXI_8/Q)| 1     |
XLXI_2/XLXI_3/XLXI_8/XLXI_8/Q      | NONE(XLXI_2/XLXI_4/XLXI_1/XLXI_8/Q)| 1     |
XLXI_2/XLXI_4/XLXI_1/XLXI_8/Q      | NONE(XLXI_2/XLXI_4/XLXI_2/XLXI_8/Q)| 1     |
XLXI_2/XLXI_4/XLXI_2/XLXI_8/Q      | NONE(XLXI_2/XLXI_4/XLXI_3/XLXI_8/Q)| 1     |
XLXI_2/XLXI_4/XLXI_3/XLXI_8/Q      | NONE(XLXI_2/XLXI_4/XLXI_4/XLXI_8/Q)| 1     |
XLXI_2/XLXI_4/XLXI_4/XLXI_8/Q      | NONE(XLXI_2/XLXI_4/XLXI_5/XLXI_8/Q)| 1     |
XLXI_2/XLXI_4/XLXI_5/XLXI_8/Q      | NONE(XLXI_2/XLXI_4/XLXI_6/XLXI_8/Q)| 1     |
XLXI_2/XLXI_4/XLXI_6/XLXI_8/Q      | NONE(XLXI_2/XLXI_4/XLXI_7/XLXI_8/Q)| 1     |
XLXI_2/XLXI_4/XLXI_7/XLXI_8/Q      | NONE(XLXI_2/XLXI_4/XLXI_8/XLXI_8/Q)| 1     |
XLXI_2/XLXI_4/XLXI_8/XLXI_8/Q      | NONE(XLXI_3/XLXI_3/Q)              | 3     |
-----------------------------------+------------------------------------+-------+
INFO:Xst:2169 - HDL ADVISOR - Some clock signals were not automatically buffered by XST with BUFG/BUFR resources. Please use the buffer_type constraint in order to insert these buffers to the clock signals to help prevent skew problems.

Asynchronous Control Signals Information:
----------------------------------------
No asynchronous control signals found in this design

Timing Summary:
---------------
Speed Grade: -3

   Minimum period: 3.957ns (Maximum Frequency: 252.749MHz)
   Minimum input arrival time before clock: No path found
   Maximum output required time after clock: 7.225ns
   Maximum combinational path delay: No path found

Timing Details:
---------------
All values displayed in nanoseconds (ns)

=========================================================================
Timing constraint: Default period analysis for Clock 'clk'
  Clock period: 1.950ns (frequency: 512.794MHz)
  Total number of paths / destination ports: 1 / 1
-------------------------------------------------------------------------
Delay:               1.950ns (Levels of Logic = 1)
  Source:            XLXI_2/XLXI_1/XLXI_1/XLXI_8/Q (FF)
  Destination:       XLXI_2/XLXI_1/XLXI_1/XLXI_8/Q (FF)
  Source Clock:      clk rising
  Destination Clock: clk rising

  Data Path: XLXI_2/XLXI_1/XLXI_1/XLXI_8/Q to XLXI_2/XLXI_1/XLXI_1/XLXI_8/Q
                                Gate     Net
    Cell:in->out      fanout   Delay   Delay  Logical Name (Net Name)
    ----------------------------------------  ------------
     FDC:C->Q              2   0.447   0.616  Q (Q)
     INV:I->O              1   0.206   0.579  Mmux_Q_Q_MUX_3_o11_INV_0 (Q_Q_MUX_3_o)
     FDC:D                     0.102          Q
    ----------------------------------------
    Total                      1.950ns (0.755ns logic, 1.195ns route)
                                       (38.7% logic, 61.3% route)

=========================================================================
Timing constraint: Default period analysis for Clock 'XLXI_2/XLXI_1/XLXI_1/XLXI_8/Q'
  Clock period: 1.950ns (frequency: 512.794MHz)
  Total number of paths / destination ports: 1 / 1
-------------------------------------------------------------------------
Delay:               1.950ns (Levels of Logic = 1)
  Source:            XLXI_2/XLXI_1/XLXI_2/XLXI_8/Q (FF)
  Destination:       XLXI_2/XLXI_1/XLXI_2/XLXI_8/Q (FF)
  Source Clock:      XLXI_2/XLXI_1/XLXI_1/XLXI_8/Q rising
  Destination Clock: XLXI_2/XLXI_1/XLXI_1/XLXI_8/Q rising

  Data Path: XLXI_2/XLXI_1/XLXI_2/XLXI_8/Q to XLXI_2/XLXI_1/XLXI_2/XLXI_8/Q
                                Gate     Net
    Cell:in->out      fanout   Delay   Delay  Logical Name (Net Name)
    ----------------------------------------  ------------
     FDC:C->Q              2   0.447   0.616  Q (Q)
     INV:I->O              1   0.206   0.579  Mmux_Q_Q_MUX_3_o11_INV_0 (Q_Q_MUX_3_o)
     FDC:D                     0.102          Q
    ----------------------------------------
    Total                      1.950ns (0.755ns logic, 1.195ns route)
                                       (38.7% logic, 61.3% route)

=========================================================================
Timing constraint: Default period analysis for Clock 'XLXI_2/XLXI_1/XLXI_2/XLXI_8/Q'
  Clock period: 1.950ns (frequency: 512.794MHz)
  Total number of paths / destination ports: 1 / 1
-------------------------------------------------------------------------
Delay:               1.950ns (Levels of Logic = 1)
  Source:            XLXI_2/XLXI_1/XLXI_3/XLXI_8/Q (FF)
  Destination:       XLXI_2/XLXI_1/XLXI_3/XLXI_8/Q (FF)
  Source Clock:      XLXI_2/XLXI_1/XLXI_2/XLXI_8/Q rising
  Destination Clock: XLXI_2/XLXI_1/XLXI_2/XLXI_8/Q rising

  Data Path: XLXI_2/XLXI_1/XLXI_3/XLXI_8/Q to XLXI_2/XLXI_1/XLXI_3/XLXI_8/Q
                                Gate     Net
    Cell:in->out      fanout   Delay   Delay  Logical Name (Net Name)
    ----------------------------------------  ------------
     FDC:C->Q              2   0.447   0.616  Q (Q)
     INV:I->O              1   0.206   0.579  Mmux_Q_Q_MUX_3_o11_INV_0 (Q_Q_MUX_3_o)
     FDC:D                     0.102          Q
    ----------------------------------------
    Total                      1.950ns (0.755ns logic, 1.195ns route)
                                       (38.7% logic, 61.3% route)

=========================================================================
Timing constraint: Default period analysis for Clock 'XLXI_2/XLXI_1/XLXI_3/XLXI_8/Q'
  Clock period: 1.950ns (frequency: 512.794MHz)
  Total number of paths / destination ports: 1 / 1
-------------------------------------------------------------------------
Delay:               1.950ns (Levels of Logic = 1)
  Source:            XLXI_2/XLXI_1/XLXI_4/XLXI_8/Q (FF)
  Destination:       XLXI_2/XLXI_1/XLXI_4/XLXI_8/Q (FF)
  Source Clock:      XLXI_2/XLXI_1/XLXI_3/XLXI_8/Q rising
  Destination Clock: XLXI_2/XLXI_1/XLXI_3/XLXI_8/Q rising

  Data Path: XLXI_2/XLXI_1/XLXI_4/XLXI_8/Q to XLXI_2/XLXI_1/XLXI_4/XLXI_8/Q
                                Gate     Net
    Cell:in->out      fanout   Delay   Delay  Logical Name (Net Name)
    ----------------------------------------  ------------
     FDC:C->Q              2   0.447   0.616  Q (Q)
     INV:I->O              1   0.206   0.579  Mmux_Q_Q_MUX_3_o11_INV_0 (Q_Q_MUX_3_o)
     FDC:D                     0.102          Q
    ----------------------------------------
    Total                      1.950ns (0.755ns logic, 1.195ns route)
                                       (38.7% logic, 61.3% route)

=========================================================================
Timing constraint: Default period analysis for Clock 'XLXI_2/XLXI_1/XLXI_4/XLXI_8/Q'
  Clock period: 1.950ns (frequency: 512.794MHz)
  Total number of paths / destination ports: 1 / 1
-------------------------------------------------------------------------
Delay:               1.950ns (Levels of Logic = 1)
  Source:            XLXI_2/XLXI_1/XLXI_5/XLXI_8/Q (FF)
  Destination:       XLXI_2/XLXI_1/XLXI_5/XLXI_8/Q (FF)
  Source Clock:      XLXI_2/XLXI_1/XLXI_4/XLXI_8/Q rising
  Destination Clock: XLXI_2/XLXI_1/XLXI_4/XLXI_8/Q rising

  Data Path: XLXI_2/XLXI_1/XLXI_5/XLXI_8/Q to XLXI_2/XLXI_1/XLXI_5/XLXI_8/Q
                                Gate     Net
    Cell:in->out      fanout   Delay   Delay  Logical Name (Net Name)
    ----------------------------------------  ------------
     FDC:C->Q              2   0.447   0.616  Q (Q)
     INV:I->O              1   0.206   0.579  Mmux_Q_Q_MUX_3_o11_INV_0 (Q_Q_MUX_3_o)
     FDC:D                     0.102          Q
    ----------------------------------------
    Total                      1.950ns (0.755ns logic, 1.195ns route)
                                       (38.7% logic, 61.3% route)

=========================================================================
Timing constraint: Default period analysis for Clock 'XLXI_2/XLXI_1/XLXI_5/XLXI_8/Q'
  Clock period: 1.950ns (frequency: 512.794MHz)
  Total number of paths / destination ports: 1 / 1
-------------------------------------------------------------------------
Delay:               1.950ns (Levels of Logic = 1)
  Source:            XLXI_2/XLXI_1/XLXI_6/XLXI_8/Q (FF)
  Destination:       XLXI_2/XLXI_1/XLXI_6/XLXI_8/Q (FF)
  Source Clock:      XLXI_2/XLXI_1/XLXI_5/XLXI_8/Q rising
  Destination Clock: XLXI_2/XLXI_1/XLXI_5/XLXI_8/Q rising

  Data Path: XLXI_2/XLXI_1/XLXI_6/XLXI_8/Q to XLXI_2/XLXI_1/XLXI_6/XLXI_8/Q
                                Gate     Net
    Cell:in->out      fanout   Delay   Delay  Logical Name (Net Name)
    ----------------------------------------  ------------
     FDC:C->Q              2   0.447   0.616  Q (Q)
     INV:I->O              1   0.206   0.579  Mmux_Q_Q_MUX_3_o11_INV_0 (Q_Q_MUX_3_o)
     FDC:D                     0.102          Q
    ----------------------------------------
    Total                      1.950ns (0.755ns logic, 1.195ns route)
                                       (38.7% logic, 61.3% route)

=========================================================================
Timing constraint: Default period analysis for Clock 'XLXI_2/XLXI_1/XLXI_6/XLXI_8/Q'
  Clock period: 1.950ns (frequency: 512.794MHz)
  Total number of paths / destination ports: 1 / 1
-------------------------------------------------------------------------
Delay:               1.950ns (Levels of Logic = 1)
  Source:            XLXI_2/XLXI_1/XLXI_7/XLXI_8/Q (FF)
  Destination:       XLXI_2/XLXI_1/XLXI_7/XLXI_8/Q (FF)
  Source Clock:      XLXI_2/XLXI_1/XLXI_6/XLXI_8/Q rising
  Destination Clock: XLXI_2/XLXI_1/XLXI_6/XLXI_8/Q rising

  Data Path: XLXI_2/XLXI_1/XLXI_7/XLXI_8/Q to XLXI_2/XLXI_1/XLXI_7/XLXI_8/Q
                                Gate     Net
    Cell:in->out      fanout   Delay   Delay  Logical Name (Net Name)
    ----------------------------------------  ------------
     FDC:C->Q              2   0.447   0.616  Q (Q)
     INV:I->O              1   0.206   0.579  Mmux_Q_Q_MUX_3_o11_INV_0 (Q_Q_MUX_3_o)
     FDC:D                     0.102          Q
    ----------------------------------------
    Total                      1.950ns (0.755ns logic, 1.195ns route)
                                       (38.7% logic, 61.3% route)

=========================================================================
Timing constraint: Default period analysis for Clock 'XLXI_2/XLXI_1/XLXI_7/XLXI_8/Q'
  Clock period: 1.950ns (frequency: 512.794MHz)
  Total number of paths / destination ports: 1 / 1
-------------------------------------------------------------------------
Delay:               1.950ns (Levels of Logic = 1)
  Source:            XLXI_2/XLXI_1/XLXI_8/XLXI_8/Q (FF)
  Destination:       XLXI_2/XLXI_1/XLXI_8/XLXI_8/Q (FF)
  Source Clock:      XLXI_2/XLXI_1/XLXI_7/XLXI_8/Q rising
  Destination Clock: XLXI_2/XLXI_1/XLXI_7/XLXI_8/Q rising

  Data Path: XLXI_2/XLXI_1/XLXI_8/XLXI_8/Q to XLXI_2/XLXI_1/XLXI_8/XLXI_8/Q
                                Gate     Net
    Cell:in->out      fanout   Delay   Delay  Logical Name (Net Name)
    ----------------------------------------  ------------
     FDC:C->Q              2   0.447   0.616  Q (Q)
     INV:I->O              1   0.206   0.579  Mmux_Q_Q_MUX_3_o11_INV_0 (Q_Q_MUX_3_o)
     FDC:D                     0.102          Q
    ----------------------------------------
    Total                      1.950ns (0.755ns logic, 1.195ns route)
                                       (38.7% logic, 61.3% route)

=========================================================================
Timing constraint: Default period analysis for Clock 'XLXI_2/XLXI_1/XLXI_8/XLXI_8/Q'
  Clock period: 1.950ns (frequency: 512.794MHz)
  Total number of paths / destination ports: 1 / 1
-------------------------------------------------------------------------
Delay:               1.950ns (Levels of Logic = 1)
  Source:            XLXI_2/XLXI_2/XLXI_1/XLXI_8/Q (FF)
  Destination:       XLXI_2/XLXI_2/XLXI_1/XLXI_8/Q (FF)
  Source Clock:      XLXI_2/XLXI_1/XLXI_8/XLXI_8/Q rising
  Destination Clock: XLXI_2/XLXI_1/XLXI_8/XLXI_8/Q rising

  Data Path: XLXI_2/XLXI_2/XLXI_1/XLXI_8/Q to XLXI_2/XLXI_2/XLXI_1/XLXI_8/Q
                                Gate     Net
    Cell:in->out      fanout   Delay   Delay  Logical Name (Net Name)
    ----------------------------------------  ------------
     FDC:C->Q              2   0.447   0.616  Q (Q)
     INV:I->O              1   0.206   0.579  Mmux_Q_Q_MUX_3_o11_INV_0 (Q_Q_MUX_3_o)
     FDC:D                     0.102          Q
    ----------------------------------------
    Total                      1.950ns (0.755ns logic, 1.195ns route)
                                       (38.7% logic, 61.3% route)

=========================================================================
Timing constraint: Default period analysis for Clock 'XLXI_2/XLXI_2/XLXI_1/XLXI_8/Q'
  Clock period: 1.950ns (frequency: 512.794MHz)
  Total number of paths / destination ports: 1 / 1
-------------------------------------------------------------------------
Delay:               1.950ns (Levels of Logic = 1)
  Source:            XLXI_2/XLXI_2/XLXI_2/XLXI_8/Q (FF)
  Destination:       XLXI_2/XLXI_2/XLXI_2/XLXI_8/Q (FF)
  Source Clock:      XLXI_2/XLXI_2/XLXI_1/XLXI_8/Q rising
  Destination Clock: XLXI_2/XLXI_2/XLXI_1/XLXI_8/Q rising

  Data Path: XLXI_2/XLXI_2/XLXI_2/XLXI_8/Q to XLXI_2/XLXI_2/XLXI_2/XLXI_8/Q
                                Gate     Net
    Cell:in->out      fanout   Delay   Delay  Logical Name (Net Name)
    ----------------------------------------  ------------
     FDC:C->Q              2   0.447   0.616  Q (Q)
     INV:I->O              1   0.206   0.579  Mmux_Q_Q_MUX_3_o11_INV_0 (Q_Q_MUX_3_o)
     FDC:D                     0.102          Q
    ----------------------------------------
    Total                      1.950ns (0.755ns logic, 1.195ns route)
                                       (38.7% logic, 61.3% route)

=========================================================================
Timing constraint: Default period analysis for Clock 'XLXI_2/XLXI_2/XLXI_2/XLXI_8/Q'
  Clock period: 1.950ns (frequency: 512.794MHz)
  Total number of paths / destination ports: 1 / 1
-------------------------------------------------------------------------
Delay:               1.950ns (Levels of Logic = 1)
  Source:            XLXI_2/XLXI_2/XLXI_3/XLXI_8/Q (FF)
  Destination:       XLXI_2/XLXI_2/XLXI_3/XLXI_8/Q (FF)
  Source Clock:      XLXI_2/XLXI_2/XLXI_2/XLXI_8/Q rising
  Destination Clock: XLXI_2/XLXI_2/XLXI_2/XLXI_8/Q rising

  Data Path: XLXI_2/XLXI_2/XLXI_3/XLXI_8/Q to XLXI_2/XLXI_2/XLXI_3/XLXI_8/Q
                                Gate     Net
    Cell:in->out      fanout   Delay   Delay  Logical Name (Net Name)
    ----------------------------------------  ------------
     FDC:C->Q              2   0.447   0.616  Q (Q)
     INV:I->O              1   0.206   0.579  Mmux_Q_Q_MUX_3_o11_INV_0 (Q_Q_MUX_3_o)
     FDC:D                     0.102          Q
    ----------------------------------------
    Total                      1.950ns (0.755ns logic, 1.195ns route)
                                       (38.7% logic, 61.3% route)

=========================================================================
Timing constraint: Default period analysis for Clock 'XLXI_2/XLXI_2/XLXI_3/XLXI_8/Q'
  Clock period: 1.950ns (frequency: 512.794MHz)
  Total number of paths / destination ports: 1 / 1
-------------------------------------------------------------------------
Delay:               1.950ns (Levels of Logic = 1)
  Source:            XLXI_2/XLXI_2/XLXI_4/XLXI_8/Q (FF)
  Destination:       XLXI_2/XLXI_2/XLXI_4/XLXI_8/Q (FF)
  Source Clock:      XLXI_2/XLXI_2/XLXI_3/XLXI_8/Q rising
  Destination Clock: XLXI_2/XLXI_2/XLXI_3/XLXI_8/Q rising

  Data Path: XLXI_2/XLXI_2/XLXI_4/XLXI_8/Q to XLXI_2/XLXI_2/XLXI_4/XLXI_8/Q
                                Gate     Net
    Cell:in->out      fanout   Delay   Delay  Logical Name (Net Name)
    ----------------------------------------  ------------
     FDC:C->Q              2   0.447   0.616  Q (Q)
     INV:I->O              1   0.206   0.579  Mmux_Q_Q_MUX_3_o11_INV_0 (Q_Q_MUX_3_o)
     FDC:D                     0.102          Q
    ----------------------------------------
    Total                      1.950ns (0.755ns logic, 1.195ns route)
                                       (38.7% logic, 61.3% route)

=========================================================================
Timing constraint: Default period analysis for Clock 'XLXI_2/XLXI_2/XLXI_4/XLXI_8/Q'
  Clock period: 1.950ns (frequency: 512.794MHz)
  Total number of paths / destination ports: 1 / 1
-------------------------------------------------------------------------
Delay:               1.950ns (Levels of Logic = 1)
  Source:            XLXI_2/XLXI_2/XLXI_5/XLXI_8/Q (FF)
  Destination:       XLXI_2/XLXI_2/XLXI_5/XLXI_8/Q (FF)
  Source Clock:      XLXI_2/XLXI_2/XLXI_4/XLXI_8/Q rising
  Destination Clock: XLXI_2/XLXI_2/XLXI_4/XLXI_8/Q rising

  Data Path: XLXI_2/XLXI_2/XLXI_5/XLXI_8/Q to XLXI_2/XLXI_2/XLXI_5/XLXI_8/Q
                                Gate     Net
    Cell:in->out      fanout   Delay   Delay  Logical Name (Net Name)
    ----------------------------------------  ------------
     FDC:C->Q              2   0.447   0.616  Q (Q)
     INV:I->O              1   0.206   0.579  Mmux_Q_Q_MUX_3_o11_INV_0 (Q_Q_MUX_3_o)
     FDC:D                     0.102          Q
    ----------------------------------------
    Total                      1.950ns (0.755ns logic, 1.195ns route)
                                       (38.7% logic, 61.3% route)

=========================================================================
Timing constraint: Default period analysis for Clock 'XLXI_2/XLXI_2/XLXI_5/XLXI_8/Q'
  Clock period: 1.950ns (frequency: 512.794MHz)
  Total number of paths / destination ports: 1 / 1
-------------------------------------------------------------------------
Delay:               1.950ns (Levels of Logic = 1)
  Source:            XLXI_2/XLXI_2/XLXI_6/XLXI_8/Q (FF)
  Destination:       XLXI_2/XLXI_2/XLXI_6/XLXI_8/Q (FF)
  Source Clock:      XLXI_2/XLXI_2/XLXI_5/XLXI_8/Q rising
  Destination Clock: XLXI_2/XLXI_2/XLXI_5/XLXI_8/Q rising

  Data Path: XLXI_2/XLXI_2/XLXI_6/XLXI_8/Q to XLXI_2/XLXI_2/XLXI_6/XLXI_8/Q
                                Gate     Net
    Cell:in->out      fanout   Delay   Delay  Logical Name (Net Name)
    ----------------------------------------  ------------
     FDC:C->Q              2   0.447   0.616  Q (Q)
     INV:I->O              1   0.206   0.579  Mmux_Q_Q_MUX_3_o11_INV_0 (Q_Q_MUX_3_o)
     FDC:D                     0.102          Q
    ----------------------------------------
    Total                      1.950ns (0.755ns logic, 1.195ns route)
                                       (38.7% logic, 61.3% route)

=========================================================================
Timing constraint: Default period analysis for Clock 'XLXI_2/XLXI_2/XLXI_6/XLXI_8/Q'
  Clock period: 1.950ns (frequency: 512.794MHz)
  Total number of paths / destination ports: 1 / 1
-------------------------------------------------------------------------
Delay:               1.950ns (Levels of Logic = 1)
  Source:            XLXI_2/XLXI_2/XLXI_7/XLXI_8/Q (FF)
  Destination:       XLXI_2/XLXI_2/XLXI_7/XLXI_8/Q (FF)
  Source Clock:      XLXI_2/XLXI_2/XLXI_6/XLXI_8/Q rising
  Destination Clock: XLXI_2/XLXI_2/XLXI_6/XLXI_8/Q rising

  Data Path: XLXI_2/XLXI_2/XLXI_7/XLXI_8/Q to XLXI_2/XLXI_2/XLXI_7/XLXI_8/Q
                                Gate     Net
    Cell:in->out      fanout   Delay   Delay  Logical Name (Net Name)
    ----------------------------------------  ------------
     FDC:C->Q              2   0.447   0.616  Q (Q)
     INV:I->O              1   0.206   0.579  Mmux_Q_Q_MUX_3_o11_INV_0 (Q_Q_MUX_3_o)
     FDC:D                     0.102          Q
    ----------------------------------------
    Total                      1.950ns (0.755ns logic, 1.195ns route)
                                       (38.7% logic, 61.3% route)

=========================================================================
Timing constraint: Default period analysis for Clock 'XLXI_2/XLXI_2/XLXI_7/XLXI_8/Q'
  Clock period: 1.950ns (frequency: 512.794MHz)
  Total number of paths / destination ports: 1 / 1
-------------------------------------------------------------------------
Delay:               1.950ns (Levels of Logic = 1)
  Source:            XLXI_2/XLXI_2/XLXI_8/XLXI_8/Q (FF)
  Destination:       XLXI_2/XLXI_2/XLXI_8/XLXI_8/Q (FF)
  Source Clock:      XLXI_2/XLXI_2/XLXI_7/XLXI_8/Q rising
  Destination Clock: XLXI_2/XLXI_2/XLXI_7/XLXI_8/Q rising

  Data Path: XLXI_2/XLXI_2/XLXI_8/XLXI_8/Q to XLXI_2/XLXI_2/XLXI_8/XLXI_8/Q
                                Gate     Net
    Cell:in->out      fanout   Delay   Delay  Logical Name (Net Name)
    ----------------------------------------  ------------
     FDC:C->Q              2   0.447   0.616  Q (Q)
     INV:I->O              1   0.206   0.579  Mmux_Q_Q_MUX_3_o11_INV_0 (Q_Q_MUX_3_o)
     FDC:D                     0.102          Q
    ----------------------------------------
    Total                      1.950ns (0.755ns logic, 1.195ns route)
                                       (38.7% logic, 61.3% route)

=========================================================================
Timing constraint: Default period analysis for Clock 'XLXI_2/XLXI_2/XLXI_8/XLXI_8/Q'
  Clock period: 1.950ns (frequency: 512.794MHz)
  Total number of paths / destination ports: 1 / 1
-------------------------------------------------------------------------
Delay:               1.950ns (Levels of Logic = 1)
  Source:            XLXI_2/XLXI_3/XLXI_1/XLXI_8/Q (FF)
  Destination:       XLXI_2/XLXI_3/XLXI_1/XLXI_8/Q (FF)
  Source Clock:      XLXI_2/XLXI_2/XLXI_8/XLXI_8/Q rising
  Destination Clock: XLXI_2/XLXI_2/XLXI_8/XLXI_8/Q rising

  Data Path: XLXI_2/XLXI_3/XLXI_1/XLXI_8/Q to XLXI_2/XLXI_3/XLXI_1/XLXI_8/Q
                                Gate     Net
    Cell:in->out      fanout   Delay   Delay  Logical Name (Net Name)
    ----------------------------------------  ------------
     FDC:C->Q              2   0.447   0.616  Q (Q)
     INV:I->O              1   0.206   0.579  Mmux_Q_Q_MUX_3_o11_INV_0 (Q_Q_MUX_3_o)
     FDC:D                     0.102          Q
    ----------------------------------------
    Total                      1.950ns (0.755ns logic, 1.195ns route)
                                       (38.7% logic, 61.3% route)

=========================================================================
Timing constraint: Default period analysis for Clock 'XLXI_2/XLXI_3/XLXI_1/XLXI_8/Q'
  Clock period: 1.950ns (frequency: 512.794MHz)
  Total number of paths / destination ports: 1 / 1
-------------------------------------------------------------------------
Delay:               1.950ns (Levels of Logic = 1)
  Source:            XLXI_2/XLXI_3/XLXI_2/XLXI_8/Q (FF)
  Destination:       XLXI_2/XLXI_3/XLXI_2/XLXI_8/Q (FF)
  Source Clock:      XLXI_2/XLXI_3/XLXI_1/XLXI_8/Q rising
  Destination Clock: XLXI_2/XLXI_3/XLXI_1/XLXI_8/Q rising

  Data Path: XLXI_2/XLXI_3/XLXI_2/XLXI_8/Q to XLXI_2/XLXI_3/XLXI_2/XLXI_8/Q
                                Gate     Net
    Cell:in->out      fanout   Delay   Delay  Logical Name (Net Name)
    ----------------------------------------  ------------
     FDC:C->Q              2   0.447   0.616  Q (Q)
     INV:I->O              1   0.206   0.579  Mmux_Q_Q_MUX_3_o11_INV_0 (Q_Q_MUX_3_o)
     FDC:D                     0.102          Q
    ----------------------------------------
    Total                      1.950ns (0.755ns logic, 1.195ns route)
                                       (38.7% logic, 61.3% route)

=========================================================================
Timing constraint: Default period analysis for Clock 'XLXI_2/XLXI_3/XLXI_2/XLXI_8/Q'
  Clock period: 1.950ns (frequency: 512.794MHz)
  Total number of paths / destination ports: 1 / 1
-------------------------------------------------------------------------
Delay:               1.950ns (Levels of Logic = 1)
  Source:            XLXI_2/XLXI_3/XLXI_3/XLXI_8/Q (FF)
  Destination:       XLXI_2/XLXI_3/XLXI_3/XLXI_8/Q (FF)
  Source Clock:      XLXI_2/XLXI_3/XLXI_2/XLXI_8/Q rising
  Destination Clock: XLXI_2/XLXI_3/XLXI_2/XLXI_8/Q rising

  Data Path: XLXI_2/XLXI_3/XLXI_3/XLXI_8/Q to XLXI_2/XLXI_3/XLXI_3/XLXI_8/Q
                                Gate     Net
    Cell:in->out      fanout   Delay   Delay  Logical Name (Net Name)
    ----------------------------------------  ------------
     FDC:C->Q              2   0.447   0.616  Q (Q)
     INV:I->O              1   0.206   0.579  Mmux_Q_Q_MUX_3_o11_INV_0 (Q_Q_MUX_3_o)
     FDC:D                     0.102          Q
    ----------------------------------------
    Total                      1.950ns (0.755ns logic, 1.195ns route)
                                       (38.7% logic, 61.3% route)

=========================================================================
Timing constraint: Default period analysis for Clock 'XLXI_2/XLXI_3/XLXI_3/XLXI_8/Q'
  Clock period: 1.950ns (frequency: 512.794MHz)
  Total number of paths / destination ports: 1 / 1
-------------------------------------------------------------------------
Delay:               1.950ns (Levels of Logic = 1)
  Source:            XLXI_2/XLXI_3/XLXI_4/XLXI_8/Q (FF)
  Destination:       XLXI_2/XLXI_3/XLXI_4/XLXI_8/Q (FF)
  Source Clock:      XLXI_2/XLXI_3/XLXI_3/XLXI_8/Q rising
  Destination Clock: XLXI_2/XLXI_3/XLXI_3/XLXI_8/Q rising

  Data Path: XLXI_2/XLXI_3/XLXI_4/XLXI_8/Q to XLXI_2/XLXI_3/XLXI_4/XLXI_8/Q
                                Gate     Net
    Cell:in->out      fanout   Delay   Delay  Logical Name (Net Name)
    ----------------------------------------  ------------
     FDC:C->Q              2   0.447   0.616  Q (Q)
     INV:I->O              1   0.206   0.579  Mmux_Q_Q_MUX_3_o11_INV_0 (Q_Q_MUX_3_o)
     FDC:D                     0.102          Q
    ----------------------------------------
    Total                      1.950ns (0.755ns logic, 1.195ns route)
                                       (38.7% logic, 61.3% route)

=========================================================================
Timing constraint: Default period analysis for Clock 'XLXI_2/XLXI_3/XLXI_4/XLXI_8/Q'
  Clock period: 1.950ns (frequency: 512.794MHz)
  Total number of paths / destination ports: 1 / 1
-------------------------------------------------------------------------
Delay:               1.950ns (Levels of Logic = 1)
  Source:            XLXI_2/XLXI_3/XLXI_5/XLXI_8/Q (FF)
  Destination:       XLXI_2/XLXI_3/XLXI_5/XLXI_8/Q (FF)
  Source Clock:      XLXI_2/XLXI_3/XLXI_4/XLXI_8/Q rising
  Destination Clock: XLXI_2/XLXI_3/XLXI_4/XLXI_8/Q rising

  Data Path: XLXI_2/XLXI_3/XLXI_5/XLXI_8/Q to XLXI_2/XLXI_3/XLXI_5/XLXI_8/Q
                                Gate     Net
    Cell:in->out      fanout   Delay   Delay  Logical Name (Net Name)
    ----------------------------------------  ------------
     FDC:C->Q              2   0.447   0.616  Q (Q)
     INV:I->O              1   0.206   0.579  Mmux_Q_Q_MUX_3_o11_INV_0 (Q_Q_MUX_3_o)
     FDC:D                     0.102          Q
    ----------------------------------------
    Total                      1.950ns (0.755ns logic, 1.195ns route)
                                       (38.7% logic, 61.3% route)

=========================================================================
Timing constraint: Default period analysis for Clock 'XLXI_2/XLXI_3/XLXI_5/XLXI_8/Q'
  Clock period: 1.950ns (frequency: 512.794MHz)
  Total number of paths / destination ports: 1 / 1
-------------------------------------------------------------------------
Delay:               1.950ns (Levels of Logic = 1)
  Source:            XLXI_2/XLXI_3/XLXI_6/XLXI_8/Q (FF)
  Destination:       XLXI_2/XLXI_3/XLXI_6/XLXI_8/Q (FF)
  Source Clock:      XLXI_2/XLXI_3/XLXI_5/XLXI_8/Q rising
  Destination Clock: XLXI_2/XLXI_3/XLXI_5/XLXI_8/Q rising

  Data Path: XLXI_2/XLXI_3/XLXI_6/XLXI_8/Q to XLXI_2/XLXI_3/XLXI_6/XLXI_8/Q
                                Gate     Net
    Cell:in->out      fanout   Delay   Delay  Logical Name (Net Name)
    ----------------------------------------  ------------
     FDC:C->Q              2   0.447   0.616  Q (Q)
     INV:I->O              1   0.206   0.579  Mmux_Q_Q_MUX_3_o11_INV_0 (Q_Q_MUX_3_o)
     FDC:D                     0.102          Q
    ----------------------------------------
    Total                      1.950ns (0.755ns logic, 1.195ns route)
                                       (38.7% logic, 61.3% route)

=========================================================================
Timing constraint: Default period analysis for Clock 'XLXI_2/XLXI_3/XLXI_6/XLXI_8/Q'
  Clock period: 1.950ns (frequency: 512.794MHz)
  Total number of paths / destination ports: 1 / 1
-------------------------------------------------------------------------
Delay:               1.950ns (Levels of Logic = 1)
  Source:            XLXI_2/XLXI_3/XLXI_7/XLXI_8/Q (FF)
  Destination:       XLXI_2/XLXI_3/XLXI_7/XLXI_8/Q (FF)
  Source Clock:      XLXI_2/XLXI_3/XLXI_6/XLXI_8/Q rising
  Destination Clock: XLXI_2/XLXI_3/XLXI_6/XLXI_8/Q rising

  Data Path: XLXI_2/XLXI_3/XLXI_7/XLXI_8/Q to XLXI_2/XLXI_3/XLXI_7/XLXI_8/Q
                                Gate     Net
    Cell:in->out      fanout   Delay   Delay  Logical Name (Net Name)
    ----------------------------------------  ------------
     FDC:C->Q              2   0.447   0.616  Q (Q)
     INV:I->O              1   0.206   0.579  Mmux_Q_Q_MUX_3_o11_INV_0 (Q_Q_MUX_3_o)
     FDC:D                     0.102          Q
    ----------------------------------------
    Total                      1.950ns (0.755ns logic, 1.195ns route)
                                       (38.7% logic, 61.3% route)

=========================================================================
Timing constraint: Default period analysis for Clock 'XLXI_2/XLXI_3/XLXI_7/XLXI_8/Q'
  Clock period: 1.950ns (frequency: 512.794MHz)
  Total number of paths / destination ports: 1 / 1
-------------------------------------------------------------------------
Delay:               1.950ns (Levels of Logic = 1)
  Source:            XLXI_2/XLXI_3/XLXI_8/XLXI_8/Q (FF)
  Destination:       XLXI_2/XLXI_3/XLXI_8/XLXI_8/Q (FF)
  Source Clock:      XLXI_2/XLXI_3/XLXI_7/XLXI_8/Q rising
  Destination Clock: XLXI_2/XLXI_3/XLXI_7/XLXI_8/Q rising

  Data Path: XLXI_2/XLXI_3/XLXI_8/XLXI_8/Q to XLXI_2/XLXI_3/XLXI_8/XLXI_8/Q
                                Gate     Net
    Cell:in->out      fanout   Delay   Delay  Logical Name (Net Name)
    ----------------------------------------  ------------
     FDC:C->Q              2   0.447   0.616  Q (Q)
     INV:I->O              1   0.206   0.579  Mmux_Q_Q_MUX_3_o11_INV_0 (Q_Q_MUX_3_o)
     FDC:D                     0.102          Q
    ----------------------------------------
    Total                      1.950ns (0.755ns logic, 1.195ns route)
                                       (38.7% logic, 61.3% route)

=========================================================================
Timing constraint: Default period analysis for Clock 'XLXI_2/XLXI_3/XLXI_8/XLXI_8/Q'
  Clock period: 1.950ns (frequency: 512.794MHz)
  Total number of paths / destination ports: 1 / 1
-------------------------------------------------------------------------
Delay:               1.950ns (Levels of Logic = 1)
  Source:            XLXI_2/XLXI_4/XLXI_1/XLXI_8/Q (FF)
  Destination:       XLXI_2/XLXI_4/XLXI_1/XLXI_8/Q (FF)
  Source Clock:      XLXI_2/XLXI_3/XLXI_8/XLXI_8/Q rising
  Destination Clock: XLXI_2/XLXI_3/XLXI_8/XLXI_8/Q rising

  Data Path: XLXI_2/XLXI_4/XLXI_1/XLXI_8/Q to XLXI_2/XLXI_4/XLXI_1/XLXI_8/Q
                                Gate     Net
    Cell:in->out      fanout   Delay   Delay  Logical Name (Net Name)
    ----------------------------------------  ------------
     FDC:C->Q              2   0.447   0.616  Q (Q)
     INV:I->O              1   0.206   0.579  Mmux_Q_Q_MUX_3_o11_INV_0 (Q_Q_MUX_3_o)
     FDC:D                     0.102          Q
    ----------------------------------------
    Total                      1.950ns (0.755ns logic, 1.195ns route)
                                       (38.7% logic, 61.3% route)

=========================================================================
Timing constraint: Default period analysis for Clock 'XLXI_2/XLXI_4/XLXI_1/XLXI_8/Q'
  Clock period: 1.950ns (frequency: 512.794MHz)
  Total number of paths / destination ports: 1 / 1
-------------------------------------------------------------------------
Delay:               1.950ns (Levels of Logic = 1)
  Source:            XLXI_2/XLXI_4/XLXI_2/XLXI_8/Q (FF)
  Destination:       XLXI_2/XLXI_4/XLXI_2/XLXI_8/Q (FF)
  Source Clock:      XLXI_2/XLXI_4/XLXI_1/XLXI_8/Q rising
  Destination Clock: XLXI_2/XLXI_4/XLXI_1/XLXI_8/Q rising

  Data Path: XLXI_2/XLXI_4/XLXI_2/XLXI_8/Q to XLXI_2/XLXI_4/XLXI_2/XLXI_8/Q
                                Gate     Net
    Cell:in->out      fanout   Delay   Delay  Logical Name (Net Name)
    ----------------------------------------  ------------
     FDC:C->Q              2   0.447   0.616  Q (Q)
     INV:I->O              1   0.206   0.579  Mmux_Q_Q_MUX_3_o11_INV_0 (Q_Q_MUX_3_o)
     FDC:D                     0.102          Q
    ----------------------------------------
    Total                      1.950ns (0.755ns logic, 1.195ns route)
                                       (38.7% logic, 61.3% route)

=========================================================================
Timing constraint: Default period analysis for Clock 'XLXI_2/XLXI_4/XLXI_2/XLXI_8/Q'
  Clock period: 1.950ns (frequency: 512.794MHz)
  Total number of paths / destination ports: 1 / 1
-------------------------------------------------------------------------
Delay:               1.950ns (Levels of Logic = 1)
  Source:            XLXI_2/XLXI_4/XLXI_3/XLXI_8/Q (FF)
  Destination:       XLXI_2/XLXI_4/XLXI_3/XLXI_8/Q (FF)
  Source Clock:      XLXI_2/XLXI_4/XLXI_2/XLXI_8/Q rising
  Destination Clock: XLXI_2/XLXI_4/XLXI_2/XLXI_8/Q rising

  Data Path: XLXI_2/XLXI_4/XLXI_3/XLXI_8/Q to XLXI_2/XLXI_4/XLXI_3/XLXI_8/Q
                                Gate     Net
    Cell:in->out      fanout   Delay   Delay  Logical Name (Net Name)
    ----------------------------------------  ------------
     FDC:C->Q              2   0.447   0.616  Q (Q)
     INV:I->O              1   0.206   0.579  Mmux_Q_Q_MUX_3_o11_INV_0 (Q_Q_MUX_3_o)
     FDC:D                     0.102          Q
    ----------------------------------------
    Total                      1.950ns (0.755ns logic, 1.195ns route)
                                       (38.7% logic, 61.3% route)

=========================================================================
Timing constraint: Default period analysis for Clock 'XLXI_2/XLXI_4/XLXI_3/XLXI_8/Q'
  Clock period: 1.950ns (frequency: 512.794MHz)
  Total number of paths / destination ports: 1 / 1
-------------------------------------------------------------------------
Delay:               1.950ns (Levels of Logic = 1)
  Source:            XLXI_2/XLXI_4/XLXI_4/XLXI_8/Q (FF)
  Destination:       XLXI_2/XLXI_4/XLXI_4/XLXI_8/Q (FF)
  Source Clock:      XLXI_2/XLXI_4/XLXI_3/XLXI_8/Q rising
  Destination Clock: XLXI_2/XLXI_4/XLXI_3/XLXI_8/Q rising

  Data Path: XLXI_2/XLXI_4/XLXI_4/XLXI_8/Q to XLXI_2/XLXI_4/XLXI_4/XLXI_8/Q
                                Gate     Net
    Cell:in->out      fanout   Delay   Delay  Logical Name (Net Name)
    ----------------------------------------  ------------
     FDC:C->Q              2   0.447   0.616  Q (Q)
     INV:I->O              1   0.206   0.579  Mmux_Q_Q_MUX_3_o11_INV_0 (Q_Q_MUX_3_o)
     FDC:D                     0.102          Q
    ----------------------------------------
    Total                      1.950ns (0.755ns logic, 1.195ns route)
                                       (38.7% logic, 61.3% route)

=========================================================================
Timing constraint: Default period analysis for Clock 'XLXI_2/XLXI_4/XLXI_4/XLXI_8/Q'
  Clock period: 1.950ns (frequency: 512.794MHz)
  Total number of paths / destination ports: 1 / 1
-------------------------------------------------------------------------
Delay:               1.950ns (Levels of Logic = 1)
  Source:            XLXI_2/XLXI_4/XLXI_5/XLXI_8/Q (FF)
  Destination:       XLXI_2/XLXI_4/XLXI_5/XLXI_8/Q (FF)
  Source Clock:      XLXI_2/XLXI_4/XLXI_4/XLXI_8/Q rising
  Destination Clock: XLXI_2/XLXI_4/XLXI_4/XLXI_8/Q rising

  Data Path: XLXI_2/XLXI_4/XLXI_5/XLXI_8/Q to XLXI_2/XLXI_4/XLXI_5/XLXI_8/Q
                                Gate     Net
    Cell:in->out      fanout   Delay   Delay  Logical Name (Net Name)
    ----------------------------------------  ------------
     FDC:C->Q              2   0.447   0.616  Q (Q)
     INV:I->O              1   0.206   0.579  Mmux_Q_Q_MUX_3_o11_INV_0 (Q_Q_MUX_3_o)
     FDC:D                     0.102          Q
    ----------------------------------------
    Total                      1.950ns (0.755ns logic, 1.195ns route)
                                       (38.7% logic, 61.3% route)

=========================================================================
Timing constraint: Default period analysis for Clock 'XLXI_2/XLXI_4/XLXI_5/XLXI_8/Q'
  Clock period: 1.950ns (frequency: 512.794MHz)
  Total number of paths / destination ports: 1 / 1
-------------------------------------------------------------------------
Delay:               1.950ns (Levels of Logic = 1)
  Source:            XLXI_2/XLXI_4/XLXI_6/XLXI_8/Q (FF)
  Destination:       XLXI_2/XLXI_4/XLXI_6/XLXI_8/Q (FF)
  Source Clock:      XLXI_2/XLXI_4/XLXI_5/XLXI_8/Q rising
  Destination Clock: XLXI_2/XLXI_4/XLXI_5/XLXI_8/Q rising

  Data Path: XLXI_2/XLXI_4/XLXI_6/XLXI_8/Q to XLXI_2/XLXI_4/XLXI_6/XLXI_8/Q
                                Gate     Net
    Cell:in->out      fanout   Delay   Delay  Logical Name (Net Name)
    ----------------------------------------  ------------
     FDC:C->Q              2   0.447   0.616  Q (Q)
     INV:I->O              1   0.206   0.579  Mmux_Q_Q_MUX_3_o11_INV_0 (Q_Q_MUX_3_o)
     FDC:D                     0.102          Q
    ----------------------------------------
    Total                      1.950ns (0.755ns logic, 1.195ns route)
                                       (38.7% logic, 61.3% route)

=========================================================================
Timing constraint: Default period analysis for Clock 'XLXI_2/XLXI_4/XLXI_6/XLXI_8/Q'
  Clock period: 1.950ns (frequency: 512.794MHz)
  Total number of paths / destination ports: 1 / 1
-------------------------------------------------------------------------
Delay:               1.950ns (Levels of Logic = 1)
  Source:            XLXI_2/XLXI_4/XLXI_7/XLXI_8/Q (FF)
  Destination:       XLXI_2/XLXI_4/XLXI_7/XLXI_8/Q (FF)
  Source Clock:      XLXI_2/XLXI_4/XLXI_6/XLXI_8/Q rising
  Destination Clock: XLXI_2/XLXI_4/XLXI_6/XLXI_8/Q rising

  Data Path: XLXI_2/XLXI_4/XLXI_7/XLXI_8/Q to XLXI_2/XLXI_4/XLXI_7/XLXI_8/Q
                                Gate     Net
    Cell:in->out      fanout   Delay   Delay  Logical Name (Net Name)
    ----------------------------------------  ------------
     FDC:C->Q              2   0.447   0.616  Q (Q)
     INV:I->O              1   0.206   0.579  Mmux_Q_Q_MUX_3_o11_INV_0 (Q_Q_MUX_3_o)
     FDC:D                     0.102          Q
    ----------------------------------------
    Total                      1.950ns (0.755ns logic, 1.195ns route)
                                       (38.7% logic, 61.3% route)

=========================================================================
Timing constraint: Default period analysis for Clock 'XLXI_2/XLXI_4/XLXI_7/XLXI_8/Q'
  Clock period: 2.016ns (frequency: 495.933MHz)
  Total number of paths / destination ports: 1 / 1
-------------------------------------------------------------------------
Delay:               2.016ns (Levels of Logic = 1)
  Source:            XLXI_2/XLXI_4/XLXI_8/XLXI_8/Q (FF)
  Destination:       XLXI_2/XLXI_4/XLXI_8/XLXI_8/Q (FF)
  Source Clock:      XLXI_2/XLXI_4/XLXI_7/XLXI_8/Q rising
  Destination Clock: XLXI_2/XLXI_4/XLXI_7/XLXI_8/Q rising

  Data Path: XLXI_2/XLXI_4/XLXI_8/XLXI_8/Q to XLXI_2/XLXI_4/XLXI_8/XLXI_8/Q
                                Gate     Net
    Cell:in->out      fanout   Delay   Delay  Logical Name (Net Name)
    ----------------------------------------  ------------
     FDC:C->Q              4   0.447   0.683  Q (Q)
     INV:I->O              1   0.206   0.579  Mmux_Q_Q_MUX_3_o11_INV_0 (Q_Q_MUX_3_o)
     FDC:D                     0.102          Q
    ----------------------------------------
    Total                      2.016ns (0.755ns logic, 1.261ns route)
                                       (37.4% logic, 62.6% route)

=========================================================================
Timing constraint: Default period analysis for Clock 'XLXI_2/XLXI_4/XLXI_8/XLXI_8/Q'
  Clock period: 3.957ns (frequency: 252.749MHz)
  Total number of paths / destination ports: 10 / 3
-------------------------------------------------------------------------
Delay:               3.957ns (Levels of Logic = 4)
  Source:            XLXI_3/XLXI_3/Q (FF)
  Destination:       XLXI_3/XLXI_1/Q (FF)
  Source Clock:      XLXI_2/XLXI_4/XLXI_8/XLXI_8/Q rising
  Destination Clock: XLXI_2/XLXI_4/XLXI_8/XLXI_8/Q rising

  Data Path: XLXI_3/XLXI_3/Q to XLXI_3/XLXI_1/Q
                                Gate     Net
    Cell:in->out      fanout   Delay   Delay  Logical Name (Net Name)
    ----------------------------------------  ------------
     FDC:C->Q             12   0.447   1.253  Q (Q)
     end scope: 'XLXI_3/XLXI_3:Q'
     AND2:I1->O            1   0.223   0.924  XLXI_3/XLXI_5 (XLXI_3/XLXN_9)
     OR2:I1->O             1   0.223   0.580  XLXI_3/XLXI_6 (XLXI_3/Jc)
     begin scope: 'XLXI_3/XLXI_1:J'
     LUT3:I2->O            1   0.205   0.000  Q_rstpot (Q_rstpot)
     FDC:D                     0.102          Q
    ----------------------------------------
    Total                      3.957ns (1.200ns logic, 2.757ns route)
                                       (30.3% logic, 69.7% route)

=========================================================================
Timing constraint: Default OFFSET OUT AFTER for Clock 'XLXI_2/XLXI_4/XLXI_8/XLXI_8/Q'
  Total number of paths / destination ports: 39 / 7
-------------------------------------------------------------------------
Offset:              7.225ns (Levels of Logic = 6)
  Source:            XLXI_3/XLXI_2/Q (FF)
  Destination:       a (PAD)
  Source Clock:      XLXI_2/XLXI_4/XLXI_8/XLXI_8/Q rising

  Data Path: XLXI_3/XLXI_2/Q to a
                                Gate     Net
    Cell:in->out      fanout   Delay   Delay  Logical Name (Net Name)
    ----------------------------------------  ------------
     FDC:C->Q              9   0.447   1.058  Q (Q)
     end scope: 'XLXI_3/XLXI_2:Q'
     begin scope: 'XLXI_4/XLXI_1:A2'
     LUT3:I0->O            3   0.205   0.898  Mmux_D411 (D4)
     end scope: 'XLXI_4/XLXI_1:D4'
     OR4:I2->O             1   0.320   0.579  XLXI_4/XLXI_31 (XLXI_4/A)
     INV:I->O              1   0.568   0.579  XLXI_4/XLXI_39 (a_OBUF)
     OBUF:I->O                 2.571          a_OBUF (a)
    ----------------------------------------
    Total                      7.225ns (4.111ns logic, 3.114ns route)
                                       (56.9% logic, 43.1% route)

=========================================================================

Cross Clock Domains Report:
--------------------------

Clock to Setup on destination clock XLXI_2/XLXI_1/XLXI_1/XLXI_8/Q
-----------------------------+---------+---------+---------+---------+
                             | Src:Rise| Src:Fall| Src:Rise| Src:Fall|
Source Clock                 |Dest:Rise|Dest:Rise|Dest:Fall|Dest:Fall|
-----------------------------+---------+---------+---------+---------+
XLXI_2/XLXI_1/XLXI_1/XLXI_8/Q|    1.950|         |         |         |
-----------------------------+---------+---------+---------+---------+

Clock to Setup on destination clock XLXI_2/XLXI_1/XLXI_2/XLXI_8/Q
-----------------------------+---------+---------+---------+---------+
                             | Src:Rise| Src:Fall| Src:Rise| Src:Fall|
Source Clock                 |Dest:Rise|Dest:Rise|Dest:Fall|Dest:Fall|
-----------------------------+---------+---------+---------+---------+
XLXI_2/XLXI_1/XLXI_2/XLXI_8/Q|    1.950|         |         |         |
-----------------------------+---------+---------+---------+---------+

Clock to Setup on destination clock XLXI_2/XLXI_1/XLXI_3/XLXI_8/Q
-----------------------------+---------+---------+---------+---------+
                             | Src:Rise| Src:Fall| Src:Rise| Src:Fall|
Source Clock                 |Dest:Rise|Dest:Rise|Dest:Fall|Dest:Fall|
-----------------------------+---------+---------+---------+---------+
XLXI_2/XLXI_1/XLXI_3/XLXI_8/Q|    1.950|         |         |         |
-----------------------------+---------+---------+---------+---------+

Clock to Setup on destination clock XLXI_2/XLXI_1/XLXI_4/XLXI_8/Q
-----------------------------+---------+---------+---------+---------+
                             | Src:Rise| Src:Fall| Src:Rise| Src:Fall|
Source Clock                 |Dest:Rise|Dest:Rise|Dest:Fall|Dest:Fall|
-----------------------------+---------+---------+---------+---------+
XLXI_2/XLXI_1/XLXI_4/XLXI_8/Q|    1.950|         |         |         |
-----------------------------+---------+---------+---------+---------+

Clock to Setup on destination clock XLXI_2/XLXI_1/XLXI_5/XLXI_8/Q
-----------------------------+---------+---------+---------+---------+
                             | Src:Rise| Src:Fall| Src:Rise| Src:Fall|
Source Clock                 |Dest:Rise|Dest:Rise|Dest:Fall|Dest:Fall|
-----------------------------+---------+---------+---------+---------+
XLXI_2/XLXI_1/XLXI_5/XLXI_8/Q|    1.950|         |         |         |
-----------------------------+---------+---------+---------+---------+

Clock to Setup on destination clock XLXI_2/XLXI_1/XLXI_6/XLXI_8/Q
-----------------------------+---------+---------+---------+---------+
                             | Src:Rise| Src:Fall| Src:Rise| Src:Fall|
Source Clock                 |Dest:Rise|Dest:Rise|Dest:Fall|Dest:Fall|
-----------------------------+---------+---------+---------+---------+
XLXI_2/XLXI_1/XLXI_6/XLXI_8/Q|    1.950|         |         |         |
-----------------------------+---------+---------+---------+---------+

Clock to Setup on destination clock XLXI_2/XLXI_1/XLXI_7/XLXI_8/Q
-----------------------------+---------+---------+---------+---------+
                             | Src:Rise| Src:Fall| Src:Rise| Src:Fall|
Source Clock                 |Dest:Rise|Dest:Rise|Dest:Fall|Dest:Fall|
-----------------------------+---------+---------+---------+---------+
XLXI_2/XLXI_1/XLXI_7/XLXI_8/Q|    1.950|         |         |         |
-----------------------------+---------+---------+---------+---------+

Clock to Setup on destination clock XLXI_2/XLXI_1/XLXI_8/XLXI_8/Q
-----------------------------+---------+---------+---------+---------+
                             | Src:Rise| Src:Fall| Src:Rise| Src:Fall|
Source Clock                 |Dest:Rise|Dest:Rise|Dest:Fall|Dest:Fall|
-----------------------------+---------+---------+---------+---------+
XLXI_2/XLXI_1/XLXI_8/XLXI_8/Q|    1.950|         |         |         |
-----------------------------+---------+---------+---------+---------+

Clock to Setup on destination clock XLXI_2/XLXI_2/XLXI_1/XLXI_8/Q
-----------------------------+---------+---------+---------+---------+
                             | Src:Rise| Src:Fall| Src:Rise| Src:Fall|
Source Clock                 |Dest:Rise|Dest:Rise|Dest:Fall|Dest:Fall|
-----------------------------+---------+---------+---------+---------+
XLXI_2/XLXI_2/XLXI_1/XLXI_8/Q|    1.950|         |         |         |
-----------------------------+---------+---------+---------+---------+

Clock to Setup on destination clock XLXI_2/XLXI_2/XLXI_2/XLXI_8/Q
-----------------------------+---------+---------+---------+---------+
                             | Src:Rise| Src:Fall| Src:Rise| Src:Fall|
Source Clock                 |Dest:Rise|Dest:Rise|Dest:Fall|Dest:Fall|
-----------------------------+---------+---------+---------+---------+
XLXI_2/XLXI_2/XLXI_2/XLXI_8/Q|    1.950|         |         |         |
-----------------------------+---------+---------+---------+---------+

Clock to Setup on destination clock XLXI_2/XLXI_2/XLXI_3/XLXI_8/Q
-----------------------------+---------+---------+---------+---------+
                             | Src:Rise| Src:Fall| Src:Rise| Src:Fall|
Source Clock                 |Dest:Rise|Dest:Rise|Dest:Fall|Dest:Fall|
-----------------------------+---------+---------+---------+---------+
XLXI_2/XLXI_2/XLXI_3/XLXI_8/Q|    1.950|         |         |         |
-----------------------------+---------+---------+---------+---------+

Clock to Setup on destination clock XLXI_2/XLXI_2/XLXI_4/XLXI_8/Q
-----------------------------+---------+---------+---------+---------+
                             | Src:Rise| Src:Fall| Src:Rise| Src:Fall|
Source Clock                 |Dest:Rise|Dest:Rise|Dest:Fall|Dest:Fall|
-----------------------------+---------+---------+---------+---------+
XLXI_2/XLXI_2/XLXI_4/XLXI_8/Q|    1.950|         |         |         |
-----------------------------+---------+---------+---------+---------+

Clock to Setup on destination clock XLXI_2/XLXI_2/XLXI_5/XLXI_8/Q
-----------------------------+---------+---------+---------+---------+
                             | Src:Rise| Src:Fall| Src:Rise| Src:Fall|
Source Clock                 |Dest:Rise|Dest:Rise|Dest:Fall|Dest:Fall|
-----------------------------+---------+---------+---------+---------+
XLXI_2/XLXI_2/XLXI_5/XLXI_8/Q|    1.950|         |         |         |
-----------------------------+---------+---------+---------+---------+

Clock to Setup on destination clock XLXI_2/XLXI_2/XLXI_6/XLXI_8/Q
-----------------------------+---------+---------+---------+---------+
                             | Src:Rise| Src:Fall| Src:Rise| Src:Fall|
Source Clock                 |Dest:Rise|Dest:Rise|Dest:Fall|Dest:Fall|
-----------------------------+---------+---------+---------+---------+
XLXI_2/XLXI_2/XLXI_6/XLXI_8/Q|    1.950|         |         |         |
-----------------------------+---------+---------+---------+---------+

Clock to Setup on destination clock XLXI_2/XLXI_2/XLXI_7/XLXI_8/Q
-----------------------------+---------+---------+---------+---------+
                             | Src:Rise| Src:Fall| Src:Rise| Src:Fall|
Source Clock                 |Dest:Rise|Dest:Rise|Dest:Fall|Dest:Fall|
-----------------------------+---------+---------+---------+---------+
XLXI_2/XLXI_2/XLXI_7/XLXI_8/Q|    1.950|         |         |         |
-----------------------------+---------+---------+---------+---------+

Clock to Setup on destination clock XLXI_2/XLXI_2/XLXI_8/XLXI_8/Q
-----------------------------+---------+---------+---------+---------+
                             | Src:Rise| Src:Fall| Src:Rise| Src:Fall|
Source Clock                 |Dest:Rise|Dest:Rise|Dest:Fall|Dest:Fall|
-----------------------------+---------+---------+---------+---------+
XLXI_2/XLXI_2/XLXI_8/XLXI_8/Q|    1.950|         |         |         |
-----------------------------+---------+---------+---------+---------+

Clock to Setup on destination clock XLXI_2/XLXI_3/XLXI_1/XLXI_8/Q
-----------------------------+---------+---------+---------+---------+
                             | Src:Rise| Src:Fall| Src:Rise| Src:Fall|
Source Clock                 |Dest:Rise|Dest:Rise|Dest:Fall|Dest:Fall|
-----------------------------+---------+---------+---------+---------+
XLXI_2/XLXI_3/XLXI_1/XLXI_8/Q|    1.950|         |         |         |
-----------------------------+---------+---------+---------+---------+

Clock to Setup on destination clock XLXI_2/XLXI_3/XLXI_2/XLXI_8/Q
-----------------------------+---------+---------+---------+---------+
                             | Src:Rise| Src:Fall| Src:Rise| Src:Fall|
Source Clock                 |Dest:Rise|Dest:Rise|Dest:Fall|Dest:Fall|
-----------------------------+---------+---------+---------+---------+
XLXI_2/XLXI_3/XLXI_2/XLXI_8/Q|    1.950|         |         |         |
-----------------------------+---------+---------+---------+---------+

Clock to Setup on destination clock XLXI_2/XLXI_3/XLXI_3/XLXI_8/Q
-----------------------------+---------+---------+---------+---------+
                             | Src:Rise| Src:Fall| Src:Rise| Src:Fall|
Source Clock                 |Dest:Rise|Dest:Rise|Dest:Fall|Dest:Fall|
-----------------------------+---------+---------+---------+---------+
XLXI_2/XLXI_3/XLXI_3/XLXI_8/Q|    1.950|         |         |         |
-----------------------------+---------+---------+---------+---------+

Clock to Setup on destination clock XLXI_2/XLXI_3/XLXI_4/XLXI_8/Q
-----------------------------+---------+---------+---------+---------+
                             | Src:Rise| Src:Fall| Src:Rise| Src:Fall|
Source Clock                 |Dest:Rise|Dest:Rise|Dest:Fall|Dest:Fall|
-----------------------------+---------+---------+---------+---------+
XLXI_2/XLXI_3/XLXI_4/XLXI_8/Q|    1.950|         |         |         |
-----------------------------+---------+---------+---------+---------+

Clock to Setup on destination clock XLXI_2/XLXI_3/XLXI_5/XLXI_8/Q
-----------------------------+---------+---------+---------+---------+
                             | Src:Rise| Src:Fall| Src:Rise| Src:Fall|
Source Clock                 |Dest:Rise|Dest:Rise|Dest:Fall|Dest:Fall|
-----------------------------+---------+---------+---------+---------+
XLXI_2/XLXI_3/XLXI_5/XLXI_8/Q|    1.950|         |         |         |
-----------------------------+---------+---------+---------+---------+

Clock to Setup on destination clock XLXI_2/XLXI_3/XLXI_6/XLXI_8/Q
-----------------------------+---------+---------+---------+---------+
                             | Src:Rise| Src:Fall| Src:Rise| Src:Fall|
Source Clock                 |Dest:Rise|Dest:Rise|Dest:Fall|Dest:Fall|
-----------------------------+---------+---------+---------+---------+
XLXI_2/XLXI_3/XLXI_6/XLXI_8/Q|    1.950|         |         |         |
-----------------------------+---------+---------+---------+---------+

Clock to Setup on destination clock XLXI_2/XLXI_3/XLXI_7/XLXI_8/Q
-----------------------------+---------+---------+---------+---------+
                             | Src:Rise| Src:Fall| Src:Rise| Src:Fall|
Source Clock                 |Dest:Rise|Dest:Rise|Dest:Fall|Dest:Fall|
-----------------------------+---------+---------+---------+---------+
XLXI_2/XLXI_3/XLXI_7/XLXI_8/Q|    1.950|         |         |         |
-----------------------------+---------+---------+---------+---------+

Clock to Setup on destination clock XLXI_2/XLXI_3/XLXI_8/XLXI_8/Q
-----------------------------+---------+---------+---------+---------+
                             | Src:Rise| Src:Fall| Src:Rise| Src:Fall|
Source Clock                 |Dest:Rise|Dest:Rise|Dest:Fall|Dest:Fall|
-----------------------------+---------+---------+---------+---------+
XLXI_2/XLXI_3/XLXI_8/XLXI_8/Q|    1.950|         |         |         |
-----------------------------+---------+---------+---------+---------+

Clock to Setup on destination clock XLXI_2/XLXI_4/XLXI_1/XLXI_8/Q
-----------------------------+---------+---------+---------+---------+
                             | Src:Rise| Src:Fall| Src:Rise| Src:Fall|
Source Clock                 |Dest:Rise|Dest:Rise|Dest:Fall|Dest:Fall|
-----------------------------+---------+---------+---------+---------+
XLXI_2/XLXI_4/XLXI_1/XLXI_8/Q|    1.950|         |         |         |
-----------------------------+---------+---------+---------+---------+

Clock to Setup on destination clock XLXI_2/XLXI_4/XLXI_2/XLXI_8/Q
-----------------------------+---------+---------+---------+---------+
                             | Src:Rise| Src:Fall| Src:Rise| Src:Fall|
Source Clock                 |Dest:Rise|Dest:Rise|Dest:Fall|Dest:Fall|
-----------------------------+---------+---------+---------+---------+
XLXI_2/XLXI_4/XLXI_2/XLXI_8/Q|    1.950|         |         |         |
-----------------------------+---------+---------+---------+---------+

Clock to Setup on destination clock XLXI_2/XLXI_4/XLXI_3/XLXI_8/Q
-----------------------------+---------+---------+---------+---------+
                             | Src:Rise| Src:Fall| Src:Rise| Src:Fall|
Source Clock                 |Dest:Rise|Dest:Rise|Dest:Fall|Dest:Fall|
-----------------------------+---------+---------+---------+---------+
XLXI_2/XLXI_4/XLXI_3/XLXI_8/Q|    1.950|         |         |         |
-----------------------------+---------+---------+---------+---------+

Clock to Setup on destination clock XLXI_2/XLXI_4/XLXI_4/XLXI_8/Q
-----------------------------+---------+---------+---------+---------+
                             | Src:Rise| Src:Fall| Src:Rise| Src:Fall|
Source Clock                 |Dest:Rise|Dest:Rise|Dest:Fall|Dest:Fall|
-----------------------------+---------+---------+---------+---------+
XLXI_2/XLXI_4/XLXI_4/XLXI_8/Q|    1.950|         |         |         |
-----------------------------+---------+---------+---------+---------+

Clock to Setup on destination clock XLXI_2/XLXI_4/XLXI_5/XLXI_8/Q
-----------------------------+---------+---------+---------+---------+
                             | Src:Rise| Src:Fall| Src:Rise| Src:Fall|
Source Clock                 |Dest:Rise|Dest:Rise|Dest:Fall|Dest:Fall|
-----------------------------+---------+---------+---------+---------+
XLXI_2/XLXI_4/XLXI_5/XLXI_8/Q|    1.950|         |         |         |
-----------------------------+---------+---------+---------+---------+

Clock to Setup on destination clock XLXI_2/XLXI_4/XLXI_6/XLXI_8/Q
-----------------------------+---------+---------+---------+---------+
                             | Src:Rise| Src:Fall| Src:Rise| Src:Fall|
Source Clock                 |Dest:Rise|Dest:Rise|Dest:Fall|Dest:Fall|
-----------------------------+---------+---------+---------+---------+
XLXI_2/XLXI_4/XLXI_6/XLXI_8/Q|    1.950|         |         |         |
-----------------------------+---------+---------+---------+---------+

Clock to Setup on destination clock XLXI_2/XLXI_4/XLXI_7/XLXI_8/Q
-----------------------------+---------+---------+---------+---------+
                             | Src:Rise| Src:Fall| Src:Rise| Src:Fall|
Source Clock                 |Dest:Rise|Dest:Rise|Dest:Fall|Dest:Fall|
-----------------------------+---------+---------+---------+---------+
XLXI_2/XLXI_4/XLXI_7/XLXI_8/Q|    2.016|         |         |         |
-----------------------------+---------+---------+---------+---------+

Clock to Setup on destination clock XLXI_2/XLXI_4/XLXI_8/XLXI_8/Q
-----------------------------+---------+---------+---------+---------+
                             | Src:Rise| Src:Fall| Src:Rise| Src:Fall|
Source Clock                 |Dest:Rise|Dest:Rise|Dest:Fall|Dest:Fall|
-----------------------------+---------+---------+---------+---------+
XLXI_2/XLXI_4/XLXI_8/XLXI_8/Q|    3.957|         |         |         |
-----------------------------+---------+---------+---------+---------+

Clock to Setup on destination clock clk
---------------+---------+---------+---------+---------+
               | Src:Rise| Src:Fall| Src:Rise| Src:Fall|
Source Clock   |Dest:Rise|Dest:Rise|Dest:Fall|Dest:Fall|
---------------+---------+---------+---------+---------+
clk            |    1.950|         |         |         |
---------------+---------+---------+---------+---------+

=========================================================================


Total REAL time to Xst completion: 5.00 secs
Total CPU time to Xst completion: 4.54 secs
 
--> 

Total memory usage is 4495132 kilobytes

Number of errors   :    0 (   0 filtered)
Number of warnings :    1 (   0 filtered)
Number of infos    :    2 (   0 filtered)

