#-----------------------------------------------------------
# PlanAhead v14.7 (64-bit)
# Build 321239 by xbuild on Fri Sep 27 19:29:51 MDT 2013
# Start of session at: Wed Oct 21 23:09:57 2020
# Process ID: 12024
# Log file: C:/.Xilinx/Lab6/planAhead_run_1/planAhead.log
# Journal file: C:/.Xilinx/Lab6/planAhead_run_1/planAhead.jou
#-----------------------------------------------------------
INFO: [Common 17-78] Attempting to get a license: PlanAhead
INFO: [Common 17-290] Got license for PlanAhead
INFO: [Device 21-36] Loading parts and site information from C:/Xilinx/14.7/ISE_DS/PlanAhead/data/parts/arch.xml
Parsing RTL primitives file [C:/Xilinx/14.7/ISE_DS/PlanAhead/data/parts/xilinx/rtl/prims/rtl_prims.xml]
Finished parsing RTL primitives file [C:/Xilinx/14.7/ISE_DS/PlanAhead/data/parts/xilinx/rtl/prims/rtl_prims.xml]
start_gui
source C:/.Xilinx/Lab6/pa.fromHdl.tcl
# create_project -name Lab6 -dir "C:/.Xilinx/Lab6/planAhead_run_1" -part xc6slx9tqg144-3
# set_param project.pinAheadLayout yes
# set srcset [get_property srcset [current_run -impl]]
# set_property target_constrs_file "lab6.ucf" [current_fileset -constrset]
Adding file 'C:/.Xilinx/Lab6/lab6.ucf' to fileset 'constrs_1'
# set hdlfile [add_files [list {div2.vf}]]
# set_property file_type Verilog $hdlfile
# set_property library work $hdlfile
# set hdlfile [add_files [list {Mux8_4.vf}]]
# set_property file_type Verilog $hdlfile
# set_property library work $hdlfile
# set hdlfile [add_files [list {DIV.vf}]]
# set_property file_type Verilog $hdlfile
# set_property library work $hdlfile
# set hdlfile [add_files [list {counter0099.vf}]]
# set_property file_type Verilog $hdlfile
# set_property library work $hdlfile
# set hdlfile [add_files [list {compare.vf}]]
# set_property file_type Verilog $hdlfile
# set_property library work $hdlfile
# set hdlfile [add_files [list {bcdto7segment.vf}]]
# set_property file_type Verilog $hdlfile
# set_property library work $hdlfile
# set hdlfile [add_files [list {Lab6.vf}]]
# set_property file_type Verilog $hdlfile
# set_property library work $hdlfile
# set_property top Lab6 $srcset
# add_files [list {lab6.ucf}] -fileset [get_property constrset [current_run]]
# open_rtl_design -part xc6slx9tqg144-3
Using Verific elaboration
Parsing VHDL file "C:/Xilinx/14.7/ISE_DS/PlanAhead/data/parts/xilinx/rtl/lib/synplify/synattr.vhd" into library synplify
Analyzing Verilog file "C:/.Xilinx/Lab6/Lab6.vf" into library work
Loading clock regions from C:/Xilinx/14.7/ISE_DS/PlanAhead/data\parts/xilinx/spartan6/spartan6lx/xc6slx9/ClockRegion.xml
Loading clock buffers from C:/Xilinx/14.7/ISE_DS/PlanAhead/data\parts/xilinx/spartan6/spartan6lx/xc6slx9/ClockBuffers.xml
Loading package pin functions from C:/Xilinx/14.7/ISE_DS/PlanAhead/data\parts/xilinx/spartan6/PinFunctions.xml...
Loading package from C:/Xilinx/14.7/ISE_DS/PlanAhead/data\parts/xilinx/spartan6/spartan6lx/xc6slx9/tqg144/Package.xml
Loading io standards from C:/Xilinx/14.7/ISE_DS/PlanAhead/data\./parts/xilinx/spartan6/IOStandards.xml
Loading device configuration modes from C:/Xilinx/14.7/ISE_DS/PlanAhead/data\parts/xilinx/spartan6/ConfigModes.xml
Loading list of drcs for the architecture : C:/Xilinx/14.7/ISE_DS/PlanAhead/data\./parts/xilinx/spartan6/drc.xml
Parsing UCF File [C:/.Xilinx/Lab6/lab6.ucf]
Finished Parsing UCF File [C:/.Xilinx/Lab6/lab6.ucf]
INFO: [Project 1-111] Unisim Transformation Summary:
No Unisim elements were transformed.

Phase 0 | Netlist Checksum: 9608f842
open_rtl_design: Time (s): elapsed = 00:00:08 . Memory (MB): peak = 647.418 ; gain = 172.770
update_compile_order -fileset sim_1
set_property package_pin "" [get_ports [list  a]]
startgroup
set_property package_pin P41 [get_ports a]
endgroup
startgroup
set_property package_pin P40 [get_ports b]
endgroup
startgroup
set_property package_pin P83 [get_ports Buzzer_P83]
endgroup
startgroup
set_property package_pin P35 [get_ports c]
endgroup
startgroup
set_property package_pin P70 [get_ports Clock_P70]
endgroup
startgroup
set_property package_pin P44 [get_ports common0_P44]
endgroup
startgroup
set_property package_pin P43 [get_ports common1_P43]
endgroup
startgroup
set_property package_pin P34 [get_ports d]
endgroup
startgroup
set_property package_pin P32 [get_ports e]
endgroup
startgroup
set_property package_pin P29 [get_ports f]
endgroup
startgroup
set_property package_pin P27 [get_ports g]
endgroup
save_constraints
exit
ERROR: [PlanAhead 12-106] *** Exception: ui.h.b: Found deleted key in HTclEventBroker. Verify if the classes listed here call cleanup()
HTclEvent: DEBUG_PORT_CONFIG_CHANGE   Classes: ui.views.aR 
HTclEvent: SIGNAL_BUS_MODIFY   Classes: ui.views.aR 
HTclEvent: DEBUG_CORE_CONFIG_CHANGE   Classes: ui.views.aR 
HTclEvent: SIGNAL_MODIFY   Classes: ui.views.aR 
 (See C:/.Xilinx/Lab6\planAhead_pid12024.debug)
ERROR: [Common 17-39] 'stop_gui' failed due to earlier errors.
INFO: [Common 17-206] Exiting PlanAhead at Wed Oct 21 23:12:11 2020...
INFO: [Common 17-83] Releasing license: PlanAhead
